<?xml version="1.0" encoding="UTF-8"?>
<testng-results ignored="0" total="1" passed="1" failed="0" skipped="0">
  <reporter-output>
  </reporter-output>
  <suite started-at="2024-07-07T23:16:17 IST" name="Default suite" finished-at="2024-07-07T23:16:23 IST" duration-ms="6014">
    <groups>
    </groups>
    <test started-at="2024-07-07T23:16:17 IST" name="Default test" finished-at="2024-07-07T23:16:23 IST" duration-ms="6014">
      <class name="com.backend.Encoding_Encryption_Base64_AES.DPK.UpdatePayrollInfoViaAESEncryption">
        <test-method signature="updatePayrollInfoEncryption()[pri:0, instance:com.backend.Encoding_Encryption_Base64_AES.DPK.UpdatePayrollInfoViaAESEncryption@291caca8]" started-at="2024-07-07T23:16:17 IST" name="updatePayrollInfoEncryption" finished-at="2024-07-07T23:16:23 IST" duration-ms="5837" status="PASS">
          <reporter-output>
          </reporter-output>
        </test-method> <!-- updatePayrollInfoEncryption -->
      </class> <!-- com.backend.Encoding_Encryption_Base64_AES.DPK.UpdatePayrollInfoViaAESEncryption -->
    </test> <!-- Default test -->
  </suite> <!-- Default suite -->
</testng-results>
