<?xml version="1.0" encoding="UTF-8"?>
<!-- Generated by org.testng.reporters.JUnitXMLReporter -->
<testsuite ignored="2" hostname="DESKTOP-GLA0AO1" failures="0" tests="4" name="Test" time="6.076" errors="0" timestamp="2024-07-01T19:59:16 IST">
  <testcase classname="com.NinzaHRM.Ninza.Project.DPK.ProjectTest" name="addSingleProjectWithCreatedTest" time="5.48"/>
  <testcase classname="com.NinzaHRM.Ninza.Project.DPK.ProjectTest" name="createDuplicateProjectTest" time="0.046"/>
  <testcase classname="com.NinzaHRM.Ninza.Employee.DPK.EmployeeTest" name="addEmployeeTest" time="0.293"/>
  <testcase classname="com.NinzaHRM.Ninza.Employee.DPK.EmployeeTest" name="addEmployeeWithoutEmail" time="0.134"/>
  <testcase classname="com.ninzahrm.api.baseutility.BaseAPIClass" name="@AfterSuite configAS" time="0.0">
    <ignored/>
  </testcase> <!-- @AfterSuite configAS -->
  <testcase classname="com.ninzahrm.api.baseutility.BaseAPIClass" name="@BeforeSuite configBS" time="0.0">
    <ignored/>
  </testcase> <!-- @BeforeSuite configBS -->
</testsuite> <!-- Test -->
